Flow report for experiment_1
Tue Oct 11 15:47:17 2022
Quartus II Version 8.1 Build 163 10/28/2008 SJ Web Edition


---------------------
; Table of Contents ;
---------------------
  1. Legal Notice
  2. Flow Summary
  3. Flow Settings
  4. Flow Non-Default Global Settings
  5. Flow Elapsed Time
  6. Flow OS Summary
  7. Flow Log



----------------
; Legal Notice ;
----------------
Copyright (C) 1991-2008 Altera Corporation
Your use of Altera Corporation's design tools, logic functions 
and other software and tools, and its AMPP partner logic 
functions, and any output files from any of the foregoing 
(including device programming or simulation files), and any 
associated documentation or information are expressly subject 
to the terms and conditions of the Altera Program License 
Subscription Agreement, Altera MegaCore Function License 
Agreement, or other applicable license agreement, including, 
without limitation, that your use is for the sole purpose of 
programming logic devices manufactured by Altera and sold by 
Altera or its authorized distributors.  Please refer to the 
applicable agreement for further details.



+-------------------------------------------------------------------+
; Flow Summary                                                      ;
+-------------------------+-----------------------------------------+
; Flow Status             ; Successful - Tue Oct 11 15:47:17 2022   ;
; Quartus II Version      ; 8.1 Build 163 10/28/2008 SJ Web Edition ;
; Revision Name           ; experiment_1                            ;
; Top-level Entity Name   ; experiment_1                            ;
; Family                  ; FLEX10KE                                ;
; Met timing requirements ; Yes                                     ;
; Total logic elements    ; 2 / 1,728 ( < 1 % )                     ;
; Total pins              ; 4 / 102 ( 4 % )                         ;
; Total memory bits       ; 0 / 24,576 ( 0 % )                      ;
; Total PLLs              ; 0                                       ;
; Device                  ; EPF10K30ETC144-1                        ;
; Timing Models           ; Final                                   ;
+-------------------------+-----------------------------------------+


+-----------------------------------------+
; Flow Settings                           ;
+-------------------+---------------------+
; Option            ; Setting             ;
+-------------------+---------------------+
; Start date & time ; 10/11/2022 15:47:14 ;
; Main task         ; Compilation         ;
; Revision Name     ; experiment_1        ;
+-------------------+---------------------+


+--------------------------------------------------------------------------------------------------------------------------+
; Flow Non-Default Global Settings                                                                                         ;
+------------------------------------+--------------------------------+---------------+-------------+----------------------+
; Assignment Name                    ; Value                          ; Default Value ; Entity Name ; Section Id           ;
+------------------------------------+--------------------------------+---------------+-------------+----------------------+
; COMPILER_SIGNATURE_ID              ; 31239360594816.166548163409500 ; --            ; --          ; --                   ;
; EDA_DESIGN_ENTRY_SYNTHESIS_TOOL    ; Custom                         ; <None>        ; --          ; --                   ;
; EDA_INPUT_DATA_FORMAT              ; Verilog Hdl                    ; --            ; --          ; eda_design_synthesis ;
; USE_GENERATED_PHYSICAL_CONSTRAINTS ; Off                            ; --            ; --          ; eda_blast_fpga       ;
+------------------------------------+--------------------------------+---------------+-------------+----------------------+


+-----------------------------------------------------------------------------------------------------------------------------+
; Flow Elapsed Time                                                                                                           ;
+-------------------------+--------------+-------------------------+---------------------+------------------------------------+
; Module Name             ; Elapsed Time ; Average Processors Used ; Peak Virtual Memory ; Total CPU Time (on all processors) ;
+-------------------------+--------------+-------------------------+---------------------+------------------------------------+
; Analysis & Synthesis    ; 00:00:00     ; 1.0                     ; 214 MB              ; 00:00:00                           ;
; Fitter                  ; 00:00:00     ; 1.0                     ; 203 MB              ; 00:00:00                           ;
; Assembler               ; 00:00:00     ; 1.0                     ; 197 MB              ; 00:00:00                           ;
; Classic Timing Analyzer ; 00:00:00     ; 1.0                     ; 165 MB              ; 00:00:00                           ;
; Total                   ; 00:00:00     ; --                      ; --                  ; 00:00:00                           ;
+-------------------------+--------------+-------------------------+---------------------+------------------------------------+


+------------------------------------------------------------------------------------------+
; Flow OS Summary                                                                          ;
+-------------------------+------------------+---------------+------------+----------------+
; Module Name             ; Machine Hostname ; OS Name       ; OS Version ; Processor type ;
+-------------------------+------------------+---------------+------------+----------------+
; Analysis & Synthesis    ; ub80910-61       ; Windows Vista ; 6.2        ; x86_64         ;
; Fitter                  ; ub80910-61       ; Windows Vista ; 6.2        ; x86_64         ;
; Assembler               ; ub80910-61       ; Windows Vista ; 6.2        ; x86_64         ;
; Classic Timing Analyzer ; ub80910-61       ; Windows Vista ; 6.2        ; x86_64         ;
+-------------------------+------------------+---------------+------------+----------------+


------------
; Flow Log ;
------------
quartus_map --read_settings_files=on --write_settings_files=off experiment_1 -c experiment_1
quartus_fit --read_settings_files=off --write_settings_files=off experiment_1 -c experiment_1
quartus_asm --read_settings_files=off --write_settings_files=off experiment_1 -c experiment_1
quartus_tan --read_settings_files=off --write_settings_files=off experiment_1 -c experiment_1
quartus_eda --read_settings_files=off --write_settings_files=off experiment_1 -c experiment_1



