Assembler report for assignment_2
Tue Nov 01 01:19:10 2022
Quartus II Version 8.1 Build 163 10/28/2008 SJ Web Edition


---------------------
; Table of Contents ;
---------------------
  1. Legal Notice
  2. Assembler Summary
  3. Assembler Settings
  4. Assembler Generated Files
  5. Assembler Device Options: F:/Study/VLSI/CSE460-Lab/Assignment 2/assignment_2.sof
  6. Assembler Device Options: F:/Study/VLSI/CSE460-Lab/Assignment 2/assignment_2.pof
  7. Assembler Messages



----------------
; Legal Notice ;
----------------
Copyright (C) 1991-2008 Altera Corporation
Your use of Altera Corporation's design tools, logic functions 
and other software and tools, and its AMPP partner logic 
functions, and any output files from any of the foregoing 
(including device programming or simulation files), and any 
associated documentation or information are expressly subject 
to the terms and conditions of the Altera Program License 
Subscription Agreement, Altera MegaCore Function License 
Agreement, or other applicable license agreement, including, 
without limitation, that your use is for the sole purpose of 
programming logic devices manufactured by Altera and sold by 
Altera or its authorized distributors.  Please refer to the 
applicable agreement for further details.



+---------------------------------------------------------------+
; Assembler Summary                                             ;
+-----------------------+---------------------------------------+
; Assembler Status      ; Successful - Tue Nov 01 01:19:10 2022 ;
; Revision Name         ; assignment_2                          ;
; Top-level Entity Name ; assignment_2                          ;
; Family                ; FLEX10KE                              ;
; Device                ; EPF10K30ETC144-1                      ;
+-----------------------+---------------------------------------+


+--------------------------------------------------------------------------------------------------------+
; Assembler Settings                                                                                     ;
+-----------------------------------------------------------------------------+----------+---------------+
; Option                                                                      ; Setting  ; Default Value ;
+-----------------------------------------------------------------------------+----------+---------------+
; Use smart compilation                                                       ; Off      ; Off           ;
; Compression mode                                                            ; Off      ; Off           ;
; Clock source for configuration device                                       ; Internal ; Internal      ;
; Clock frequency of the configuration device                                 ; 10 MHZ   ; 10 MHz        ;
; Divide clock frequency by                                                   ; 1        ; 1             ;
; Low-voltage mode                                                            ; On       ; On            ;
; Auto user code                                                              ; Off      ; Off           ;
; Use configuration device                                                    ; On       ; On            ;
; Configuration device                                                        ; Auto     ; Auto          ;
; Configuration device auto user code                                         ; Off      ; Off           ;
; Auto-increment JTAG user code for multiple configuration devices            ; On       ; On            ;
; Disable CONF_DONE and nSTATUS pull-ups on configuration device              ; Off      ; Off           ;
; Generate Tabular Text File (.ttf) For Target Device                         ; Off      ; Off           ;
; Generate Raw Binary File (.rbf) For Target Device                           ; Off      ; Off           ;
; Generate Hexadecimal (Intel-Format) Output File (.hexout) for Target Device ; Off      ; Off           ;
; Hexadecimal Output File start address                                       ; 0        ; 0             ;
; Hexadecimal Output File count direction                                     ; Up       ; Up            ;
; Release clears before tri-states                                            ; Off      ; Off           ;
; Auto-restart configuration after error                                      ; On       ; On            ;
; Generate Serial Vector Format File (.svf) for Target Device                 ; Off      ; Off           ;
; Generate a JEDEC STAPL Format File (.jam) for Target Device                 ; Off      ; Off           ;
; Generate a compressed Jam STAPL Byte Code 2.0 File (.jbc) for Target Device ; Off      ; Off           ;
; Generate a compressed Jam STAPL Byte Code 2.0 File (.jbc) for Target Device ; On       ; On            ;
+-----------------------------------------------------------------------------+----------+---------------+


+--------------------------------------------------------+
; Assembler Generated Files                              ;
+--------------------------------------------------------+
; File Name                                              ;
+--------------------------------------------------------+
; F:/Study/VLSI/CSE460-Lab/Assignment 2/assignment_2.sof ;
; F:/Study/VLSI/CSE460-Lab/Assignment 2/assignment_2.pof ;
+--------------------------------------------------------+


+----------------------------------------------------------------------------------+
; Assembler Device Options: F:/Study/VLSI/CSE460-Lab/Assignment 2/assignment_2.sof ;
+----------------+-----------------------------------------------------------------+
; Option         ; Setting                                                         ;
+----------------+-----------------------------------------------------------------+
; Device         ; EPF10K30ETC144-1                                                ;
; JTAG usercode  ; 0x0000007F                                                      ;
; Checksum       ; 0x0000B815                                                      ;
+----------------+-----------------------------------------------------------------+


+----------------------------------------------------------------------------------+
; Assembler Device Options: F:/Study/VLSI/CSE460-Lab/Assignment 2/assignment_2.pof ;
+--------------------+-------------------------------------------------------------+
; Option             ; Setting                                                     ;
+--------------------+-------------------------------------------------------------+
; Device             ; EPC2                                                        ;
; JTAG usercode      ; 0x00000000                                                  ;
; Checksum           ; 0x02581CCE                                                  ;
; Compression Ratio  ; 1                                                           ;
+--------------------+-------------------------------------------------------------+


+--------------------+
; Assembler Messages ;
+--------------------+
Info: *******************************************************************
Info: Running Quartus II Assembler
    Info: Version 8.1 Build 163 10/28/2008 SJ Web Edition
    Info: Processing started: Tue Nov 01 01:19:10 2022
Info: Command: quartus_asm --read_settings_files=off --write_settings_files=off assignment_2 -c assignment_2
Info: Assembler is generating device programming files
Info: Quartus II Assembler was successful. 0 errors, 0 warnings
    Info: Peak virtual memory: 210 megabytes
    Info: Processing ended: Tue Nov 01 01:19:10 2022
    Info: Elapsed time: 00:00:00
    Info: Total CPU time (on all processors): 00:00:00


