Flow report for assignment_1
Mon Oct 17 21:09:35 2022
Quartus II Version 8.1 Build 163 10/28/2008 SJ Web Edition


---------------------
; Table of Contents ;
---------------------
  1. Legal Notice
  2. Flow Summary
  3. Flow Settings
  4. Flow Non-Default Global Settings
  5. Flow Elapsed Time
  6. Flow OS Summary
  7. Flow Log



----------------
; Legal Notice ;
----------------
Copyright (C) 1991-2008 Altera Corporation
Your use of Altera Corporation's design tools, logic functions 
and other software and tools, and its AMPP partner logic 
functions, and any output files from any of the foregoing 
(including device programming or simulation files), and any 
associated documentation or information are expressly subject 
to the terms and conditions of the Altera Program License 
Subscription Agreement, Altera MegaCore Function License 
Agreement, or other applicable license agreement, including, 
without limitation, that your use is for the sole purpose of 
programming logic devices manufactured by Altera and sold by 
Altera or its authorized distributors.  Please refer to the 
applicable agreement for further details.



+-------------------------------------------------------------------+
; Flow Summary                                                      ;
+-------------------------+-----------------------------------------+
; Flow Status             ; Successful - Mon Oct 17 21:09:35 2022   ;
; Quartus II Version      ; 8.1 Build 163 10/28/2008 SJ Web Edition ;
; Revision Name           ; assignment_1                            ;
; Top-level Entity Name   ; assignment_1                            ;
; Family                  ; FLEX10KE                                ;
; Met timing requirements ; Yes                                     ;
; Total logic elements    ; 1 / 1,728 ( < 1 % )                     ;
; Total pins              ; 6 / 102 ( 6 % )                         ;
; Total memory bits       ; 0 / 24,576 ( 0 % )                      ;
; Total PLLs              ; 0                                       ;
; Device                  ; EPF10K30ETC144-1                        ;
; Timing Models           ; Final                                   ;
+-------------------------+-----------------------------------------+


+-----------------------------------------+
; Flow Settings                           ;
+-------------------+---------------------+
; Option            ; Setting             ;
+-------------------+---------------------+
; Start date & time ; 10/17/2022 21:09:30 ;
; Main task         ; Compilation         ;
; Revision Name     ; assignment_1        ;
+-------------------+---------------------+


+---------------------------------------------------------------------------------------------------------------------------+
; Flow Non-Default Global Settings                                                                                          ;
+------------------------------------+---------------------------------+---------------+-------------+----------------------+
; Assignment Name                    ; Value                           ; Default Value ; Entity Name ; Section Id           ;
+------------------------------------+---------------------------------+---------------+-------------+----------------------+
; COMPILER_SIGNATURE_ID              ; 237901788548311.166601937007952 ; --            ; --          ; --                   ;
; EDA_DESIGN_ENTRY_SYNTHESIS_TOOL    ; Custom                          ; <None>        ; --          ; --                   ;
; EDA_INPUT_DATA_FORMAT              ; Verilog Hdl                     ; --            ; --          ; eda_design_synthesis ;
; USE_GENERATED_PHYSICAL_CONSTRAINTS ; Off                             ; --            ; --          ; eda_blast_fpga       ;
+------------------------------------+---------------------------------+---------------+-------------+----------------------+


+-----------------------------------------------------------------------------------------------------------------------------+
; Flow Elapsed Time                                                                                                           ;
+-------------------------+--------------+-------------------------+---------------------+------------------------------------+
; Module Name             ; Elapsed Time ; Average Processors Used ; Peak Virtual Memory ; Total CPU Time (on all processors) ;
+-------------------------+--------------+-------------------------+---------------------+------------------------------------+
; Analysis & Synthesis    ; 00:00:00     ; 1.0                     ; 219 MB              ; 00:00:00                           ;
; Fitter                  ; 00:00:01     ; 1.0                     ; 224 MB              ; 00:00:00                           ;
; Assembler               ; 00:00:00     ; 1.0                     ; 210 MB              ; 00:00:00                           ;
; Classic Timing Analyzer ; 00:00:00     ; 1.0                     ; 179 MB              ; 00:00:00                           ;
; Total                   ; 00:00:01     ; --                      ; --                  ; 00:00:00                           ;
+-------------------------+--------------+-------------------------+---------------------+------------------------------------+


+------------------------------------------------------------------------------------------+
; Flow OS Summary                                                                          ;
+-------------------------+------------------+---------------+------------+----------------+
; Module Name             ; Machine Hostname ; OS Name       ; OS Version ; Processor type ;
+-------------------------+------------------+---------------+------------+----------------+
; Analysis & Synthesis    ; DESKTOP-QBQKGUN  ; Windows Vista ; 6.2        ; x86_64         ;
; Fitter                  ; DESKTOP-QBQKGUN  ; Windows Vista ; 6.2        ; x86_64         ;
; Assembler               ; DESKTOP-QBQKGUN  ; Windows Vista ; 6.2        ; x86_64         ;
; Classic Timing Analyzer ; DESKTOP-QBQKGUN  ; Windows Vista ; 6.2        ; x86_64         ;
+-------------------------+------------------+---------------+------------+----------------+


------------
; Flow Log ;
------------
quartus_map --read_settings_files=on --write_settings_files=off assignment_1 -c assignment_1
quartus_fit --read_settings_files=off --write_settings_files=off assignment_1 -c assignment_1
quartus_asm --read_settings_files=off --write_settings_files=off assignment_1 -c assignment_1
quartus_tan --read_settings_files=off --write_settings_files=off assignment_1 -c assignment_1
quartus_eda --read_settings_files=off --write_settings_files=off assignment_1 -c assignment_1



