Analysis & Synthesis report for assignment_3
Tue Nov 01 04:03:41 2022
Quartus II Version 8.1 Build 163 10/28/2008 SJ Web Edition


---------------------
; Table of Contents ;
---------------------
  1. Legal Notice
  2. Analysis & Synthesis Summary
  3. Analysis & Synthesis Settings
  4. Analysis & Synthesis Source Files Read
  5. Analysis & Synthesis Resource Usage Summary
  6. Analysis & Synthesis Resource Utilization by Entity
  7. Registers Removed During Synthesis
  8. Removed Registers Triggering Further Register Optimizations
  9. General Register Statistics
 10. Parameter Settings for User Entity Instance: Top-level Entity: |assignment_3
 11. Analysis & Synthesis Messages



----------------
; Legal Notice ;
----------------
Copyright (C) 1991-2008 Altera Corporation
Your use of Altera Corporation's design tools, logic functions 
and other software and tools, and its AMPP partner logic 
functions, and any output files from any of the foregoing 
(including device programming or simulation files), and any 
associated documentation or information are expressly subject 
to the terms and conditions of the Altera Program License 
Subscription Agreement, Altera MegaCore Function License 
Agreement, or other applicable license agreement, including, 
without limitation, that your use is for the sole purpose of 
programming logic devices manufactured by Altera and sold by 
Altera or its authorized distributors.  Please refer to the 
applicable agreement for further details.



+-----------------------------------------------------------------------+
; Analysis & Synthesis Summary                                          ;
+-----------------------------+-----------------------------------------+
; Analysis & Synthesis Status ; Successful - Tue Nov 01 04:03:41 2022   ;
; Quartus II Version          ; 8.1 Build 163 10/28/2008 SJ Web Edition ;
; Revision Name               ; assignment_3                            ;
; Top-level Entity Name       ; assignment_3                            ;
; Family                      ; FLEX10KE                                ;
; Total logic elements        ; 0                                       ;
; Total pins                  ; 7                                       ;
; Total memory bits           ; 0                                       ;
; Total PLLs                  ; 0                                       ;
+-----------------------------+-----------------------------------------+


+-----------------------------------------------------------------------------------------------+
; Analysis & Synthesis Settings                                                                 ;
+----------------------------------------------------------------+--------------+---------------+
; Option                                                         ; Setting      ; Default Value ;
+----------------------------------------------------------------+--------------+---------------+
; Top-level entity name                                          ; assignment_3 ; assignment_3  ;
; Family name                                                    ; FLEX10KE     ; Stratix II    ;
; Type of Retiming Performed During Resynthesis                  ; Full         ;               ;
; Resynthesis Optimization Effort                                ; Normal       ;               ;
; Physical Synthesis Level for Resynthesis                       ; Normal       ;               ;
; Use Generated Physical Constraints File                        ; On           ;               ;
; Use smart compilation                                          ; Off          ; Off           ;
; Create Debugging Nodes for IP Cores                            ; Off          ; Off           ;
; Preserve fewer node names                                      ; On           ; On            ;
; Disable OpenCore Plus hardware evaluation                      ; Off          ; Off           ;
; Verilog Version                                                ; Verilog_2001 ; Verilog_2001  ;
; VHDL Version                                                   ; VHDL93       ; VHDL93        ;
; State Machine Processing                                       ; Auto         ; Auto          ;
; Safe State Machine                                             ; Off          ; Off           ;
; Extract Verilog State Machines                                 ; On           ; On            ;
; Extract VHDL State Machines                                    ; On           ; On            ;
; Ignore Verilog initial constructs                              ; Off          ; Off           ;
; Iteration limit for constant Verilog loops                     ; 5000         ; 5000          ;
; Iteration limit for non-constant Verilog loops                 ; 250          ; 250           ;
; Add Pass-Through Logic to Inferred RAMs                        ; On           ; On            ;
; Parallel Synthesis                                             ; Off          ; Off           ;
; NOT Gate Push-Back                                             ; On           ; On            ;
; Power-Up Don't Care                                            ; On           ; On            ;
; Remove Redundant Logic Cells                                   ; Off          ; Off           ;
; Remove Duplicate Registers                                     ; On           ; On            ;
; Ignore CARRY Buffers                                           ; Off          ; Off           ;
; Ignore CASCADE Buffers                                         ; Off          ; Off           ;
; Ignore GLOBAL Buffers                                          ; Off          ; Off           ;
; Ignore ROW GLOBAL Buffers                                      ; Off          ; Off           ;
; Ignore LCELL Buffers                                           ; Off          ; Off           ;
; Ignore SOFT Buffers                                            ; On           ; On            ;
; Limit AHDL Integers to 32 Bits                                 ; Off          ; Off           ;
; Auto Implement in ROM                                          ; Off          ; Off           ;
; Optimization Technique                                         ; Area         ; Area          ;
; Carry Chain Length                                             ; 32           ; 32            ;
; Cascade Chain Length                                           ; 2            ; 2             ;
; Auto Carry Chains                                              ; On           ; On            ;
; Auto Open-Drain Pins                                           ; On           ; On            ;
; Auto ROM Replacement                                           ; On           ; On            ;
; Auto RAM Replacement                                           ; On           ; On            ;
; Auto Clock Enable Replacement                                  ; On           ; On            ;
; Strict RAM Replacement                                         ; Off          ; Off           ;
; Auto Resource Sharing                                          ; Off          ; Off           ;
; Allow Any RAM Size For Recognition                             ; Off          ; Off           ;
; Allow Any ROM Size For Recognition                             ; Off          ; Off           ;
; Use LogicLock Constraints during Resource Balancing            ; On           ; On            ;
; Ignore translate_off and synthesis_off directives              ; Off          ; Off           ;
; Show Parameter Settings Tables in Synthesis Report             ; On           ; On            ;
; HDL message level                                              ; Level2       ; Level2        ;
; Suppress Register Optimization Related Messages                ; Off          ; Off           ;
; Number of Removed Registers Reported in Synthesis Report       ; 100          ; 100           ;
; Number of Inverted Registers Reported in Synthesis Report      ; 100          ; 100           ;
; Block Design Naming                                            ; Auto         ; Auto          ;
; Synthesis Effort                                               ; Auto         ; Auto          ;
; Allows Asynchronous Clear Usage For Shift Register Replacement ; On           ; On            ;
; Analysis & Synthesis Message Level                             ; Medium       ; Medium        ;
+----------------------------------------------------------------+--------------+---------------+


+------------------------------------------------------------------------------------------------------------------------------------+
; Analysis & Synthesis Source Files Read                                                                                             ;
+----------------------------------+-----------------+------------------------+------------------------------------------------------+
; File Name with User-Entered Path ; Used in Netlist ; File Type              ; File Name with Absolute Path                         ;
+----------------------------------+-----------------+------------------------+------------------------------------------------------+
; assignment_3.v                   ; yes             ; User Verilog HDL File  ; F:/Study/VLSI/CSE460-Lab/Assignment 3/assignment_3.v ;
+----------------------------------+-----------------+------------------------+------------------------------------------------------+


+---------------------------------------------+
; Analysis & Synthesis Resource Usage Summary ;
+--------------------------------+------------+
; Resource                       ; Usage      ;
+--------------------------------+------------+
; Total logic elements           ; 0          ;
; Total combinational functions  ; 0          ;
;     -- Total 4-input functions ; 0          ;
;     -- Total 3-input functions ; 0          ;
;     -- Total 2-input functions ; 0          ;
;     -- Total 1-input functions ; 0          ;
;     -- Total 0-input functions ; 0          ;
; Total registers                ; 0          ;
; I/O pins                       ; 7          ;
+--------------------------------+------------+


+--------------------------------------------------------------------------------------------------------------------------------------------------------------------------------------------------------+
; Analysis & Synthesis Resource Utilization by Entity                                                                                                                                                    ;
+----------------------------+-------------+--------------+-------------+------+--------------+-------------------+------------------+-----------------+------------+---------------------+--------------+
; Compilation Hierarchy Node ; Logic Cells ; LC Registers ; Memory Bits ; Pins ; LUT-Only LCs ; Register-Only LCs ; LUT/Register LCs ; Carry Chain LCs ; Packed LCs ; Full Hierarchy Name ; Library Name ;
+----------------------------+-------------+--------------+-------------+------+--------------+-------------------+------------------+-----------------+------------+---------------------+--------------+
; |assignment_3              ; 0 (0)       ; 0            ; 0           ; 7    ; 0 (0)        ; 0 (0)             ; 0 (0)            ; 0 (0)           ; 0 (0)      ; |assignment_3       ; work         ;
+----------------------------+-------------+--------------+-------------+------+--------------+-------------------+------------------+-----------------+------------+---------------------+--------------+
Note: For table entries with two numbers listed, the numbers in parentheses indicate the number of resources of the given type used by the specific entity alone. The numbers listed outside of parentheses indicate the total resources of the given type used by the specific entity and all of its sub-entities in the hierarchy.


+--------------------------------------------------------------------------------+
; Registers Removed During Synthesis                                             ;
+---------------------------------------+----------------------------------------+
; Register name                         ; Reason for Removal                     ;
+---------------------------------------+----------------------------------------+
; z~reg0                                ; Stuck at GND due to stuck port data_in ;
; next_state~reg0                       ; Stuck at GND due to stuck port data_in ;
; current_state~reg0                    ; Stuck at GND due to stuck port data_in ;
; Total Number of Removed Registers = 3 ;                                        ;
+---------------------------------------+----------------------------------------+


+--------------------------------------------------------------------------------------+
; Removed Registers Triggering Further Register Optimizations                          ;
+-----------------+---------------------------+----------------------------------------+
; Register name   ; Reason for Removal        ; Registers Removed due to This Register ;
+-----------------+---------------------------+----------------------------------------+
; next_state~reg0 ; Stuck at GND              ; current_state~reg0                     ;
;                 ; due to stuck port data_in ;                                        ;
+-----------------+---------------------------+----------------------------------------+


+------------------------------------------------------+
; General Register Statistics                          ;
+----------------------------------------------+-------+
; Statistic                                    ; Value ;
+----------------------------------------------+-------+
; Total registers                              ; 0     ;
; Number of registers using Synchronous Clear  ; 0     ;
; Number of registers using Synchronous Load   ; 0     ;
; Number of registers using Asynchronous Clear ; 0     ;
; Number of registers using Asynchronous Load  ; 0     ;
; Number of registers using Clock Enable       ; 0     ;
; Number of registers using Preset             ; 0     ;
+----------------------------------------------+-------+


+------------------------------------------------------------------------------+
; Parameter Settings for User Entity Instance: Top-level Entity: |assignment_3 ;
+----------------+-------+-----------------------------------------------------+
; Parameter Name ; Value ; Type                                                ;
+----------------+-------+-----------------------------------------------------+
; s0             ; 0000  ; Unsigned Binary                                     ;
; s1             ; 0001  ; Unsigned Binary                                     ;
; s2             ; 0010  ; Unsigned Binary                                     ;
; s3             ; 0011  ; Unsigned Binary                                     ;
; s4             ; 0100  ; Unsigned Binary                                     ;
; s5             ; 0101  ; Unsigned Binary                                     ;
; s6             ; 0110  ; Unsigned Binary                                     ;
; s7             ; 0111  ; Unsigned Binary                                     ;
; s8             ; 1000  ; Unsigned Binary                                     ;
; s9             ; 1001  ; Unsigned Binary                                     ;
+----------------+-------+-----------------------------------------------------+
Note: In order to hide this table in the UI and the text report file, please set the "Show Parameter Settings Tables in Synthesis Report" option in "Analysis and Synthesis Settings -> More Settings" to "Off".


+-------------------------------+
; Analysis & Synthesis Messages ;
+-------------------------------+
Info: *******************************************************************
Info: Running Quartus II Analysis & Synthesis
    Info: Version 8.1 Build 163 10/28/2008 SJ Web Edition
    Info: Processing started: Tue Nov 01 04:03:41 2022
Info: Command: quartus_map --read_settings_files=on --write_settings_files=off assignment_3 -c assignment_3
Info: Found 1 design units, including 1 entities, in source file assignment_3.v
    Info: Found entity 1: assignment_3
Warning: EDA synthesis tool is specified as "Custom", but Library Mapping File is not specified
Warning: EDA synthesis tool is specified as "Custom", but VCC is not specified
Warning: EDA synthesis tool is specified as "Custom", but GND is not specified
Info: Elaborating entity "assignment_3" for the top level hierarchy
Warning (10230): Verilog HDL assignment warning at assignment_3.v(11): truncated value with size 4 to match size of target (1)
Warning (10230): Verilog HDL assignment warning at assignment_3.v(12): truncated value with size 4 to match size of target (1)
Warning (10230): Verilog HDL assignment warning at assignment_3.v(21): truncated value with size 4 to match size of target (1)
Warning (10230): Verilog HDL assignment warning at assignment_3.v(26): truncated value with size 4 to match size of target (1)
Warning (10230): Verilog HDL assignment warning at assignment_3.v(31): truncated value with size 4 to match size of target (1)
Warning (10230): Verilog HDL assignment warning at assignment_3.v(36): truncated value with size 4 to match size of target (1)
Warning (10230): Verilog HDL assignment warning at assignment_3.v(41): truncated value with size 4 to match size of target (1)
Warning (10230): Verilog HDL assignment warning at assignment_3.v(46): truncated value with size 4 to match size of target (1)
Warning (10199): Verilog HDL Case Statement warning at assignment_3.v(49): case item expression never matches the case expression
Warning (10199): Verilog HDL Case Statement warning at assignment_3.v(59): case item expression never matches the case expression
Warning (10199): Verilog HDL Case Statement warning at assignment_3.v(69): case item expression never matches the case expression
Warning (10199): Verilog HDL Case Statement warning at assignment_3.v(79): case item expression never matches the case expression
Warning (10199): Verilog HDL Case Statement warning at assignment_3.v(89): case item expression never matches the case expression
Warning (10199): Verilog HDL Case Statement warning at assignment_3.v(99): case item expression never matches the case expression
Warning (10199): Verilog HDL Case Statement warning at assignment_3.v(109): case item expression never matches the case expression
Warning (10199): Verilog HDL Case Statement warning at assignment_3.v(119): case item expression never matches the case expression
Warning (10230): Verilog HDL assignment warning at assignment_3.v(129): truncated value with size 4 to match size of target (1)
Warning: Output pins are stuck at VCC or GND
    Warning (13410): Pin "z" is stuck at GND
    Warning (13410): Pin "current_state" is stuck at GND
    Warning (13410): Pin "next_state" is stuck at GND
Warning: Design contains 4 input pin(s) that do not drive logic
    Warning (15610): No output dependent on input pin "clk"
    Warning (15610): No output dependent on input pin "reset"
    Warning (15610): No output dependent on input pin "w1"
    Warning (15610): No output dependent on input pin "w2"
Info: Implemented 7 device resources after synthesis - the final resource count might be different
    Info: Implemented 4 input pins
    Info: Implemented 3 output pins
Info: Quartus II Analysis & Synthesis was successful. 0 errors, 29 warnings
    Info: Peak virtual memory: 218 megabytes
    Info: Processing ended: Tue Nov 01 04:03:41 2022
    Info: Elapsed time: 00:00:00
    Info: Total CPU time (on all processors): 00:00:00


